make all --print-data-base --no-builtin-variables --no-builtin-rules --question
# GNU Make 4.2.1
# Built for x86_64-pc-linux-gnu
# Copyright (C) 1988-2016 Free Software Foundation, Inc.
# License GPLv3+: GNU GPL version 3 or later <http://gnu.org/licenses/gpl.html>
# This is free software: you are free to change and redistribute it.
# There is NO WARRANTY, to the extent permitted by law.

# Make data base, printed on Wed Aug 10 18:43:59 2022

# Variables

# automatic
<D = $(patsubst %/,%,$(dir $<))
# automatic
?F = $(notdir $?)
# default
.SHELLFLAGS := -c
# environment
VSCODE_AGENT_FOLDER = /home/scanoss/.vscode-server
# automatic
?D = $(patsubst %/,%,$(dir $?))
# automatic
@D = $(patsubst %/,%,$(dir $@))
# automatic
@F = $(notdir $@)
# makefile
CURDIR := /data/mariano/ldb
# makefile
SHELL = /bin/sh
# environment
VSCODE_NLS_CONFIG = {"locale":"en","availableLanguages":{}}
# environment
_ = /home/scanoss/.vscode-server/bin/3b889b090b5ad5793f524b5d1d39fda662b96a2a/node
# makefile (from 'Makefile', line 1)
MAKEFILE_LIST :=  Makefile
# 'override' directive
GNUMAKEFLAGS := 
# environment
VSCODE_CWD = /home/scanoss
# environment
SSH_CONNECTION = 200.41.238.69 60024 51.91.80.153 49322
# environment
PATH = /home/scanoss/.vscode-server/bin/3b889b090b5ad5793f524b5d1d39fda662b96a2a/bin/remote-cli:/usr/local/bin:/usr/bin:/bin:/usr/local/games:/usr/games
# makefile (from 'Makefile', line 5)
LIBFLAGS = $(CCFLAGS) -fPIC -c
# environment
ELECTRON_RUN_AS_NODE = 1
# environment
VSCODE_IPC_HOOK_CLI = /tmp/vscode-ipc-8169272c-48ad-4da7-ae27-4ee027993591.sock
# default
.FEATURES := target-specific order-only second-expansion else-if shortest-stem undefine oneshell archives jobserver output-sync check-symlink load
# environment
LS_COLORS = 
# automatic
%F = $(notdir $%)
# environment
PWD = /data/mariano/ldb
# default
.LOADED := 
# automatic
*D = $(patsubst %/,%,$(dir $*))
# environment
VSCODE_AMD_ENTRYPOINT = vs/workbench/api/node/extensionHostProcess
# environment
HOME = /home/scanoss
# environment
LOGNAME = scanoss
# environment
APPLICATION_INSIGHTS_NO_DIAGNOSTIC_CHANNEL = true
# automatic
+F = $(notdir $+)
# environment
VSCODE_HANDLES_UNCAUGHT_ERRORS = true
# automatic
^D = $(patsubst %/,%,$(dir $^))
# environment
MAKELEVEL := 0
# default
MAKE = $(MAKE_COMMAND)
# default
MAKECMDGOALS := all
# environment
SHLVL = 0
# default
MAKE_VERSION := 4.2.1
# environment
USER = scanoss
# makefile
.DEFAULT_GOAL := all
# makefile (from 'Makefile', line 4)
CCFLAGS = -O -g -Wall -std=gnu99
# automatic
%D = $(patsubst %/,%,$(dir $%))
# default
MAKE_COMMAND := make
# default
.VARIABLES := 
# automatic
*F = $(notdir $*)
# makefile
MAKEFLAGS = pqrR
# environment
MFLAGS = -pqrR
# environment
SSH_CLIENT = 200.41.238.69 60024 49322
# environment
MAIL = /var/mail/scanoss
# automatic
+D = $(patsubst %/,%,$(dir $+))
# environment
BROWSER = /home/scanoss/.vscode-server/bin/3b889b090b5ad5793f524b5d1d39fda662b96a2a/bin/helpers/browser.sh
# environment
VSCODE_HANDLES_SIGPIPE = true
# default
MAKEFILES := 
# automatic
<F = $(notdir $<)
# environment
LC_ALL = C
# makefile (from 'Makefile', line 6)
LIBS = -lm -lpthread -lz -lscanoss_encoder
# automatic
^F = $(notdir $^)
# default
SUFFIXES := 
# default
.INCLUDE_DIRS = /usr/include /usr/local/include /usr/include
# default
.RECIPEPREFIX := 
# default
MAKE_HOST := x86_64-pc-linux-gnu
# environment
LANG = C
# variable set hash-table stats:
# Load=61/1024=6%, Rehash=0, Collisions=7/91=8%

# Pattern-specific Variable Values

# No pattern-specific variable values.

# Directories

# . (device 64768, inode 246743297): 19 files, no impossibilities.

# 19 files, no impossibilities in 1 directories.

# Implicit Rules

# No implicit rules.

# Files

# Not a target:
src/ldb.h:
#  Implicit rule search has not been done.
#  Modification time never checked.
#  File has not been updated.

# Not a target:
src/command.c:
#  Implicit rule search has not been done.
#  Modification time never checked.
#  File has not been updated.

all: clean lib shell
#  Command line target.
#  Implicit rule search has been done.
#  File does not exist.
#  File has been updated.
#  Needs to be updated (-q is set).
# variable set hash-table stats:
# Load=0/32=0%, Rehash=0, Collisions=0/3=0%

# Not a target:
src/shell.c:
#  Implicit rule search has not been done.
#  Modification time never checked.
#  File has not been updated.

# Not a target:
ldb:
#  Implicit rule search has not been done.
#  Modification time never checked.
#  File has not been updated.

distclean: clean
#  Implicit rule search has not been done.
#  Modification time never checked.
#  File has not been updated.

# Not a target:
.SUFFIXES:
#  Implicit rule search has not been done.
#  Modification time never checked.
#  File has not been updated.

# Not a target:
Makefile:
#  Implicit rule search has been done.
#  Last modified 2022-08-01 10:42:23.474403214
#  File has been updated.
#  Successfully updated.

test: ldb
#  Implicit rule search has not been done.
#  Modification time never checked.
#  File has not been updated.
#  recipe to execute (from 'Makefile', line 36):
	@test/test.sh

static: src/ldb.c src/ldb.h src/shell.c
#  Implicit rule search has not been done.
#  Modification time never checked.
#  File has not been updated.
#  recipe to execute (from 'Makefile', line 21):
	@$(CC) $(CCFLAGS) -o ldb src/ldb.c src/ldb.h src/shell.c src/mz.c $(LIBS)
	@echo Shell is built

lib: src/ldb.c src/mz.c src/ldb.h
#  Implicit rule search has not been done.
#  Modification time never checked.
#  File has not been updated.
#  recipe to execute (from 'Makefile', line 11):
	@$(CC) $(LIBFLAGS) -D_LARGEFILE64_SOURCE src/ldb.c src/mz.c $(LIBS)
	@$(CC) -shared -Wl,-soname,libldb.so -o libldb.so ldb.o mz.o $(LIBS)
	@echo Library is built

# Not a target:
.DEFAULT:
#  Implicit rule search has not been done.
#  Modification time never checked.
#  File has not been updated.

clean:
#  Implicit rule search has not been done.
#  Implicit/static pattern stem: ''
#  File does not exist.
#  File has been updated.
#  Needs to be updated (-q is set).
# automatic
# @ := clean
# automatic
# % := 
# automatic
# * := 
# automatic
# + := 
# automatic
# | := 
# automatic
# < := 
# automatic
# ^ := 
# automatic
# ? := 
# variable set hash-table stats:
# Load=8/32=25%, Rehash=0, Collisions=1/11=9%
#  recipe to execute (from 'Makefile', line 27):
	@echo Cleaning...
	@rm -f *.o *.a ldb *.so

# Not a target:
src/mz.c:
#  Implicit rule search has not been done.
#  Modification time never checked.
#  File has not been updated.

shell: src/shell.c src/command.c
#  Implicit rule search has not been done.
#  Modification time never checked.
#  File has not been updated.
#  recipe to execute (from 'Makefile', line 16):
	@$(CC) $(CCFLAGS) -D_LARGEFILE64_SOURCE -c src/shell.c src/mz.c $(LIBS)
	@$(CC) $(CCFLAGS) -o ldb_enc ldb.o shell.o -lcrypto $(LIBS)
	@echo Shell is built

# Not a target:
src/ldb.c:
#  Implicit rule search has not been done.
#  Modification time never checked.
#  File has not been updated.

install:
#  Implicit rule search has not been done.
#  Modification time never checked.
#  File has not been updated.
#  recipe to execute (from 'Makefile', line 31):
	@cp ldb /usr/bin
	@cp libldb.so /usr/lib
	@cp src/ldb.h /usr/include

# files hash-table stats:
# Load=17/1024=2%, Rehash=0, Collisions=3/45=7%
# VPATH Search Paths

# No 'vpath' search paths.

# No general ('VPATH' variable) search path.

# strcache buffers: 1 (0) / strings = 37 / storage = 315 B / avg = 8 B
 
# current buf: size = 8162 B / used = 315 B / count = 37 / avg = 8 B

# strcache performance: lookups = 58 / hit rate = 36%
# hash-table stats:
# Load=37/8192=0%, Rehash=0, Collisions=4/58=7%
# Finished Make data base on Wed Aug 10 18:43:59 2022

 
